1733704759~~1~~Processing step 1/14
1733704759~~1~~Skipping NinjaScanner files integrity check
1733704759~~8~~Process executed in 0.0007 seconds and used 65.61 MB of memory (NinjaScanner additional memory: 0.00 MB).
1733704760~~1~~Processing step 2/14
1733704760~~1~~Building file's list
1733704765~~1~~Total files found: 19,868
1733704765~~1~~Building database posts and pages checksum
1733704765~~1~~Found 2 posts and 18 pages in the database
1733704766~~8~~Process executed in 6.2945 seconds and used 80.61 MB of memory (NinjaScanner additional memory: 15.01 MB).
1733704767~~1~~Processing step 3/14
1733704767~~1~~Checking WordPress core files integrity
1733704767~~8~~Downloading wordpress-6.7.1-en_AU.zip from wordpress.org
1733704773~~8~~Building files list from ZIP archive
1733704785~~8~~Using sha1 algo
1733704793~~1~~Files integrity is O.K
1733704793~~2~~Additional/suspicious files: 4
1733704794~~8~~Process executed in 26.1425 seconds and used 84.30 MB of memory (NinjaScanner additional memory: 0.00 MB).
1733704795~~1~~Processing step 4/14
1733704795~~1~~Building plugins list
1733704795~~8~~Total plugins found: 17
1733704795~~8~~Process executed in 0.6707 seconds and used 83.72 MB of memory (NinjaScanner additional memory: 0.00 MB).
1733704797~~1~~Processing step 5/14
1733704797~~1~~Checking plugin files integrity
1733704797~~8~~akismet 5.3.5
1733704797~~8~~Attempting to download it from wordpress.org
1733704798~~8~~Building files list from ZIP archive
1733704798~~8~~Using sha1 algo
1733704798~~8~~elementor 3.25.10
1733704798~~8~~Attempting to download it from wordpress.org
1733704802~~8~~Building files list from ZIP archive
1733704808~~8~~Using sha1 algo
1733704815~~8~~leaflet-maps-marker 3.12.10
1733704815~~8~~Attempting to download it from wordpress.org
1733704817~~8~~Building files list from ZIP archive
1733704819~~8~~Using sha1 algo
1733704820~~8~~list-category-posts 0.89.8
1733704820~~8~~Attempting to download it from wordpress.org
1733704821~~8~~Building files list from ZIP archive
1733704821~~8~~Using sha1 algo
1733704821~~8~~litespeed-cache 6.5.3
1733704821~~8~~Attempting to download it from wordpress.org
1733704823~~8~~Building files list from ZIP archive
1733704823~~8~~Using sha1 algo
1733704824~~8~~wysija-newsletters 2.21
1733704824~~8~~Attempting to download it from wordpress.org
1733704827~~8~~Building files list from ZIP archive
1733704828~~8~~Using sha1 algo
1733704830~~8~~marketpress 2.6.2
1733704830~~8~~Attempting to download it from wordpress.org
1733704831~~8~~Not found. Attempting to download it from the trunk folder instead
1733704832~~2~~HTTP Error 404. Skipping marketpress 2.6.2, it may not be available in the repo
1733704832~~8~~ninjafirewall 4.7
1733704832~~8~~Attempting to download it from wordpress.org
1733704834~~8~~Building files list from ZIP archive
1733704834~~8~~Using sha1 algo
1733704835~~8~~ninjascanner 3.2.4
1733704835~~8~~Attempting to download it from wordpress.org
1733704836~~8~~Building files list from ZIP archive
1733704836~~8~~Using sha1 algo
1733704836~~8~~search-and-replace 3.2.3
1733704836~~8~~Attempting to download it from wordpress.org
1733704838~~8~~Building files list from ZIP archive
1733704838~~8~~Using sha1 algo
1733704838~~8~~social-icons 1.7.4
1733704838~~8~~Attempting to download it from wordpress.org
1733704839~~8~~Building files list from ZIP archive
1733704839~~8~~Using sha1 algo
1733704840~~8~~header-footer-elementor 2.0.3
1733704840~~8~~Attempting to download it from wordpress.org
1733704842~~8~~Building files list from ZIP archive
1733704842~~8~~Using sha1 algo
1733704843~~8~~updraftplus 1.24.11
1733704843~~8~~Attempting to download it from wordpress.org
1733704846~~8~~Building files list from ZIP archive
1733704849~~8~~Using sha1 algo
1733704854~~8~~visual-form-builder 3.1
1733704854~~8~~Attempting to download it from wordpress.org
1733704856~~8~~Building files list from ZIP archive
1733704856~~8~~Using sha1 algo
1733704857~~8~~wp-clone-by-wp-academy 2.4.7
1733704857~~8~~Attempting to download it from wordpress.org
1733704859~~8~~Building files list from ZIP archive
1733704860~~8~~Using sha1 algo
1733704860~~8~~wpmudev-updates 4.11.28
1733704860~~8~~Attempting to download it from wordpress.org
1733704861~~8~~Not found. Attempting to download it from the trunk folder instead
1733704862~~2~~HTTP Error 404. Skipping wpmudev-updates 4.11.28, it may not be available in the repo
1733704862~~8~~xcloner-backup-and-restore 4.7.7
1733704862~~8~~Attempting to download it from wordpress.org
1733704865~~8~~Building files list from ZIP archive
1733704875~~8~~Using sha1 algo
1733704897~~1~~Plugin files integrity is O.K
1733704897~~8~~Process executed in 100.5951 seconds and used 83.72 MB of memory (NinjaScanner additional memory: 0.00 MB).
1733704899~~1~~Processing step 6/14
1733704899~~1~~Building themes list
1733704899~~8~~Total themes found: 1
1733704899~~8~~Process executed in 0.0353 seconds and used 80.43 MB of memory (NinjaScanner additional memory: 0.00 MB).
1733704900~~1~~Processing step 7/14
1733704900~~1~~Checking theme files integrity
1733704900~~8~~astra 4.8.7
1733704900~~8~~Attempting to download it from wordpress.org
1733704903~~8~~Building files list from ZIP archive
1733704906~~8~~Using sha1 algo
1733704909~~1~~Theme files integrity is O.K
1733704909~~8~~Process executed in 8.2995 seconds and used 80.43 MB of memory (NinjaScanner additional memory: 0.00 MB).
1733704909~~1~~Processing step 8/14
1733704909~~1~~Skipping snapshots comparison, no older files shapshot found
1733704909~~8~~Process executed in 0.0241 seconds and used 80.29 MB of memory (NinjaScanner additional memory: 0.00 MB).
1733704911~~1~~Processing step 9/14
1733704911~~1~~Skipping snapshots comparison, no older database shapshot found
1733704911~~8~~Process executed in 0.2662 seconds and used 80.29 MB of memory (NinjaScanner additional memory: 0.00 MB).
1733704912~~1~~Processing step 10/14
1733704913~~1~~Skipping Google Safe Browsing: no API key found
1733704913~~8~~Process executed in 0.0719 seconds and used 80.29 MB of memory (NinjaScanner additional memory: 0.00 MB).
1733704914~~1~~Processing step 11/14
1733704914~~1~~Skipping binary files scan
1733704914~~8~~Process executed in 0.2680 seconds and used 80.29 MB of memory (NinjaScanner additional memory: 0.00 MB).
1733704916~~1~~Processing step 12/14
1733704916~~1~~Running anti-malware scanner
1733704916~~1~~Building the list of files to check
1733704916~~8~~Checking user-defined exclusion lists
1733704916~~8~~Creating files/folders exclusion list
1733704916~~8~~Limiting search to files smaller than 1,048,576 bytes
1733704916~~8~~Files ignored based on user-defined exclusion lists: 51
1733704916~~1~~Retrieving signatures lists
1733704916~~8~~Checking built-in signatures list
1733704916~~8~~Downloading the latest version
1733704917~~8~~Verifying digital signature with public key
1733704917~~8~~Verifying signatures
1733704917~~8~~Verified signatures: 889
1733704917~~8~~Process executed in 1.9698 seconds and used 81.85 MB of memory (NinjaScanner additional memory: 1.56 MB).
1733704919~~1~~Processing step 13/14
1733704936~~1~~Scanned files: 2,535/19,817
1733704936~~8~~Process executed in 17.3351 seconds and used 91.55 MB of memory (NinjaScanner additional memory: 11.26 MB).
1733704938~~1~~Processing step 13/14
1733705008~~1~~Scanned files: 2,536/19,817
1733705008~~8~~Process executed in 70.4688 seconds and used 90.81 MB of memory (NinjaScanner additional memory: 10.52 MB).
1733705010~~1~~Processing step 13/14
1733705044~~1~~Scanned files: 2,588/19,817
1733705044~~8~~Process executed in 34.3177 seconds and used 90.80 MB of memory (NinjaScanner additional memory: 10.51 MB).
1733705046~~1~~Processing step 13/14
1733705051~~1~~Cancelling scanning process (nscan_check_status: response != success)
