[2025-01-15 03:02:32] xcloner_restore.INFO: Processing ajax request ID _u7ic1dh4q [] []
[2025-01-15 03:02:33] xcloner_restore.INFO: Processing ajax request ID _3fbqlddn3 [] []
[2025-01-15 03:02:35] xcloner_restore.INFO: Processing ajax request ID _dbzzlaja6 [] []
[2025-01-15 03:02:38] xcloner_restore.INFO: Processing ajax request ID _18r650okd [] []
[2025-01-15 03:02:39] xcloner_restore.INFO: Processing ajax request ID _0wg8srxh2 [] []
[2025-01-15 03:02:40] xcloner_restore.INFO: Processing ajax request ID _okmbojqu7 [] []
[2025-01-15 03:02:41] xcloner_restore.INFO: Processing ajax request ID _16w6v87co [] []
[2025-01-15 03:02:42] xcloner_restore.INFO: Processing ajax request ID _b999gzvtv [] []
[2025-01-15 03:02:43] xcloner_restore.INFO: Processing ajax request ID _wipq5plrx [] []
[2025-01-15 03:02:44] xcloner_restore.INFO: Processing ajax request ID _cxnsz576s [] []
[2025-01-15 03:02:45] xcloner_restore.INFO: Processing ajax request ID _c9slh38nx [] []
[2025-01-15 03:02:46] xcloner_restore.INFO: Processing ajax request ID _n1k1ctbnk [] []
[2025-01-15 03:02:47] xcloner_restore.INFO: Processing ajax request ID _kiphharxz [] []
[2025-01-15 03:02:48] xcloner_restore.INFO: Processing ajax request ID _j0z07mqdg [] []
[2025-01-15 03:02:48] xcloner_restore.INFO: Processing ajax request ID _ql9ghduht [] []
[2025-01-15 03:02:49] xcloner_restore.INFO: Processing ajax request ID _ddnwz76vl [] []
[2025-01-15 03:02:50] xcloner_restore.INFO: Processing ajax request ID _yke4x4elo [] []
[2025-01-15 03:02:51] xcloner_restore.INFO: Processing ajax request ID _21k9vt2o9 [] []
[2025-01-15 03:02:52] xcloner_restore.INFO: Processing ajax request ID _86q8ige43 [] []
[2025-01-15 03:02:52] xcloner_restore.INFO: Processing ajax request ID _l4bbw4zh4 [] []
[2025-01-15 03:02:54] xcloner_restore.INFO: Processing ajax request ID _rcwptefhi [] []
[2025-01-15 03:02:54] xcloner_restore.INFO: Processing ajax request ID _0ug17hylk [] []
[2025-01-15 03:02:55] xcloner_restore.INFO: Processing ajax request ID _lsixqjp5c [] []
[2025-01-15 03:02:56] xcloner_restore.INFO: Processing ajax request ID _klmtg83k6 [] []
[2025-01-15 03:02:57] xcloner_restore.INFO: Processing ajax request ID _8ickj2xi5 [] []
[2025-01-15 03:02:58] xcloner_restore.INFO: Processing ajax request ID _ee0tp82xr [] []
[2025-01-15 03:02:59] xcloner_restore.INFO: Processing ajax request ID _bqo9lkg2o [] []
[2025-01-15 03:03:00] xcloner_restore.INFO: Processing ajax request ID _05trgreew [] []
[2025-01-15 03:03:01] xcloner_restore.INFO: Processing ajax request ID _81soewb89 [] []
[2025-01-15 03:03:03] xcloner_restore.INFO: Processing ajax request ID _p6q02s6a8 [] []
[2025-01-15 03:03:04] xcloner_restore.INFO: Processing ajax request ID _3lnc1so90 [] []
[2025-01-15 03:03:05] xcloner_restore.INFO: Processing ajax request ID _9cgx4u27m [] []
[2025-01-15 03:03:06] xcloner_restore.INFO: Processing ajax request ID _ixd3fknhr [] []
[2025-01-15 03:03:07] xcloner_restore.INFO: Processing ajax request ID _ouqoi6ias [] []
[2025-01-15 03:03:08] xcloner_restore.INFO: Processing ajax request ID _gz90avdcu [] []
[2025-01-15 03:03:09] xcloner_restore.INFO: Processing ajax request ID _6x9xt10a2 [] []
[2025-01-15 03:03:10] xcloner_restore.INFO: Processing ajax request ID _8lftgqmtd [] []
[2025-01-15 03:03:11] xcloner_restore.INFO: Processing ajax request ID _rz70iaoa4 [] []
[2025-01-15 03:03:12] xcloner_restore.INFO: Processing ajax request ID _fvuuxsqwp [] []
[2025-01-15 03:03:13] xcloner_restore.INFO: Processing ajax request ID _huemsb5kb [] []
[2025-01-15 03:03:13] xcloner_restore.INFO: Processing ajax request ID _3k2cg9ah4 [] []
[2025-01-15 03:03:15] xcloner_restore.INFO: Processing ajax request ID _ap7trr7q9 [] []
[2025-01-15 03:03:16] xcloner_restore.INFO: Processing ajax request ID _d0ee8w1p0 [] []
[2025-01-15 03:03:17] xcloner_restore.INFO: Processing ajax request ID _yn9mi8e7o [] []
[2025-01-15 03:03:18] xcloner_restore.INFO: Processing ajax request ID _8sztqgpwq [] []
[2025-01-15 03:03:19] xcloner_restore.INFO: Processing ajax request ID _lep1v3ojk [] []
[2025-01-15 03:03:20] xcloner_restore.INFO: Processing ajax request ID _lph1tvemf [] []
[2025-01-15 03:03:21] xcloner_restore.INFO: Processing ajax request ID _8a7i7stmr [] []
[2025-01-15 03:03:22] xcloner_restore.INFO: Processing ajax request ID _3lzrj8c56 [] []
[2025-01-15 03:03:24] xcloner_restore.INFO: Processing ajax request ID _ttkyxty7p [] []
[2025-01-15 03:03:25] xcloner_restore.INFO: Processing ajax request ID _8j823xhc4 [] []
[2025-01-15 03:03:26] xcloner_restore.INFO: Processing ajax request ID _a37liitur [] []
[2025-01-15 03:03:27] xcloner_restore.INFO: Processing ajax request ID _l94zn7ttj [] []
[2025-01-15 03:03:28] xcloner_restore.INFO: Processing ajax request ID _kspr7znkc [] []
[2025-01-15 03:03:29] xcloner_restore.INFO: Processing ajax request ID _vt19qvyb7 [] []
[2025-01-15 03:03:30] xcloner_restore.INFO: Processing ajax request ID _7clxlkpqs [] []
[2025-01-15 03:03:31] xcloner_restore.INFO: Processing ajax request ID _9ggoelxvp [] []
[2025-01-15 03:03:34] xcloner_restore.INFO: Processing ajax request ID _r1ipmjsou [] []
[2025-01-15 03:03:35] xcloner_restore.INFO: Processing ajax request ID _gbkossvdw [] []
[2025-01-15 03:03:38] xcloner_restore.INFO: Processing ajax request ID _2e5zkjlw7 [] []
[2025-01-15 03:03:43] xcloner_restore.INFO: Processing ajax request ID _gd5bslyp9 [] []
[2025-01-15 03:03:45] xcloner_restore.INFO: Processing ajax request ID _d9wf6r58m [] []
[2025-01-15 03:03:46] xcloner_restore.INFO: Processing ajax request ID _msv187q60 [] []
[2025-01-15 03:03:47] xcloner_restore.INFO: Processing ajax request ID _fea12txjf [] []
[2025-01-15 03:03:48] xcloner_restore.INFO: Processing ajax request ID _ld3ssjp7q [] []
[2025-01-15 03:03:49] xcloner_restore.INFO: Processing ajax request ID _niw4rt8wc [] []
[2025-01-15 03:03:50] xcloner_restore.INFO: Processing ajax request ID _2z2yri2mb [] []
[2025-01-15 03:03:51] xcloner_restore.INFO: Processing ajax request ID _60std7qtg [] []
[2025-01-15 03:03:52] xcloner_restore.INFO: Processing ajax request ID _fr9js3daz [] []
[2025-01-15 03:03:53] xcloner_restore.INFO: Processing ajax request ID _mvy8hejsa [] []
[2025-01-15 03:03:54] xcloner_restore.INFO: Processing ajax request ID _vgbtkiwxb [] []
[2025-01-15 03:03:55] xcloner_restore.INFO: Processing ajax request ID _fr0kec0po [] []
[2025-01-15 03:03:56] xcloner_restore.INFO: Processing ajax request ID _62cnnetay [] []
[2025-01-15 03:03:57] xcloner_restore.INFO: Processing ajax request ID _e6iahkv4t [] []
[2025-01-15 04:30:45] xcloner_restore.INFO: Processing ajax request ID _tmxjf19ck [] []
[2025-01-15 04:30:46] xcloner_restore.INFO: Processing ajax request ID _hx8bwlu43 [] []
[2025-01-15 04:30:49] xcloner_restore.INFO: Processing ajax request ID _gllckyp29 [] []
[2025-01-15 04:30:50] xcloner_restore.INFO: Processing ajax request ID _se9fky0l4 [] []
[2025-01-15 04:30:51] xcloner_restore.INFO: Processing ajax request ID _c33472nh1 [] []
[2025-01-15 04:30:52] xcloner_restore.INFO: Processing ajax request ID _hdd1s5tcx [] []
[2025-01-15 04:30:54] xcloner_restore.INFO: Processing ajax request ID _jkyaxl9y5 [] []
[2025-01-15 04:30:55] xcloner_restore.INFO: Processing ajax request ID _8dcnu8s7t [] []
[2025-01-15 04:30:56] xcloner_restore.INFO: Processing ajax request ID _6oz5dcy89 [] []
[2025-01-15 04:30:57] xcloner_restore.INFO: Processing ajax request ID _ecpmt86sn [] []
[2025-01-15 04:30:58] xcloner_restore.INFO: Processing ajax request ID _zlwf34o97 [] []
[2025-01-15 04:30:59] xcloner_restore.INFO: Processing ajax request ID _jwbfaauar [] []
[2025-01-15 04:31:00] xcloner_restore.INFO: Processing ajax request ID _a594u8k9m [] []
[2025-01-15 04:31:01] xcloner_restore.INFO: Processing ajax request ID _0gijijxfn [] []
[2025-01-15 04:31:02] xcloner_restore.INFO: Processing ajax request ID _qhymrs1fg [] []
[2025-01-15 04:31:03] xcloner_restore.INFO: Processing ajax request ID _byig0a6mw [] []
[2025-01-15 04:31:04] xcloner_restore.INFO: Processing ajax request ID _6aopgltrd [] []
[2025-01-15 04:31:05] xcloner_restore.INFO: Processing ajax request ID _pvktbeod4 [] []
[2025-01-15 04:31:06] xcloner_restore.INFO: Processing ajax request ID _60yk7eudi [] []
[2025-01-15 04:31:07] xcloner_restore.INFO: Processing ajax request ID _cs89nxuyn [] []
[2025-01-15 04:31:08] xcloner_restore.INFO: Processing ajax request ID _81iwt10f1 [] []
[2025-01-15 04:31:09] xcloner_restore.INFO: Processing ajax request ID _rxerue86f [] []
[2025-01-15 04:31:10] xcloner_restore.INFO: Processing ajax request ID _aclrfr5tt [] []
[2025-01-15 04:31:11] xcloner_restore.INFO: Processing ajax request ID _9kcs49eld [] []
[2025-01-15 04:31:12] xcloner_restore.INFO: Processing ajax request ID _welalajxk [] []
[2025-01-15 04:31:13] xcloner_restore.INFO: Processing ajax request ID _fqel4wlqa [] []
[2025-01-15 04:31:14] xcloner_restore.INFO: Processing ajax request ID _cltso3y60 [] []
[2025-01-15 04:31:15] xcloner_restore.INFO: Processing ajax request ID _60xa1dpjk [] []
[2025-01-15 04:31:17] xcloner_restore.INFO: Processing ajax request ID _50bzjaesg [] []
[2025-01-15 04:31:17] xcloner_restore.INFO: Processing ajax request ID _38qh1ovxp [] []
[2025-01-15 04:31:18] xcloner_restore.INFO: Processing ajax request ID _osv33nqty [] []
[2025-01-15 04:31:19] xcloner_restore.INFO: Processing ajax request ID _jxy1bgzgd [] []
[2025-01-15 04:31:20] xcloner_restore.INFO: Processing ajax request ID _wke2bdogq [] []
[2025-01-15 04:31:22] xcloner_restore.INFO: Processing ajax request ID _brpocwl4t [] []
[2025-01-15 04:31:24] xcloner_restore.INFO: Processing ajax request ID _yq623mfso [] []
[2025-01-15 04:31:25] xcloner_restore.INFO: Processing ajax request ID _d35rsfodq [] []
[2025-01-15 04:31:26] xcloner_restore.INFO: Processing ajax request ID _42i3sae29 [] []
[2025-01-15 04:31:27] xcloner_restore.INFO: Processing ajax request ID _3d7jyk663 [] []
[2025-01-15 04:31:28] xcloner_restore.INFO: Processing ajax request ID _7ydgsdqxj [] []
[2025-01-15 04:31:29] xcloner_restore.INFO: Processing ajax request ID _2leqgq877 [] []
[2025-01-15 04:31:30] xcloner_restore.INFO: Processing ajax request ID _ueuc950lr [] []
[2025-01-15 04:31:31] xcloner_restore.INFO: Processing ajax request ID _y6vp2d8y8 [] []
[2025-01-15 04:31:32] xcloner_restore.INFO: Processing ajax request ID _0hztkd4rw [] []
[2025-01-15 04:31:33] xcloner_restore.INFO: Processing ajax request ID _em1ilwxwg [] []
[2025-01-15 04:31:34] xcloner_restore.INFO: Processing ajax request ID _ndpseg6c5 [] []
[2025-01-15 04:31:34] xcloner_restore.INFO: Processing ajax request ID _lyta3kgz6 [] []
[2025-01-15 04:31:36] xcloner_restore.INFO: Processing ajax request ID _8rb88xfiu [] []
[2025-01-15 04:31:38] xcloner_restore.INFO: Processing ajax request ID _6qpyibx97 [] []
[2025-01-15 04:31:39] xcloner_restore.INFO: Processing ajax request ID _n9tbh6mhq [] []
[2025-01-15 04:31:40] xcloner_restore.INFO: Processing ajax request ID _r18mafx1i [] []
[2025-01-15 04:31:41] xcloner_restore.INFO: Processing ajax request ID _nzuk7bapj [] []
[2025-01-15 04:31:42] xcloner_restore.INFO: Processing ajax request ID _1wwzs2rqf [] []
[2025-01-15 04:31:43] xcloner_restore.INFO: Processing ajax request ID _mql81nmy6 [] []
[2025-01-15 04:31:44] xcloner_restore.INFO: Processing ajax request ID _4ik6o4nav [] []
[2025-01-15 04:31:45] xcloner_restore.INFO: Processing ajax request ID _nu19t03uf [] []
[2025-01-15 04:31:46] xcloner_restore.INFO: Processing ajax request ID _595kq06u3 [] []
[2025-01-15 04:31:47] xcloner_restore.INFO: Processing ajax request ID _fasj7ftyz [] []
[2025-01-15 04:31:50] xcloner_restore.INFO: Processing ajax request ID _blvvfplny [] []
[2025-01-15 04:31:51] xcloner_restore.INFO: Processing ajax request ID _7t6xkt4rp [] []
[2025-01-15 04:31:53] xcloner_restore.INFO: Processing ajax request ID _tt9pucvmv [] []
[2025-01-15 04:31:57] xcloner_restore.INFO: Processing ajax request ID _ma64ogw8a [] []
[2025-01-15 04:31:58] xcloner_restore.INFO: Processing ajax request ID _ayikuoe2p [] []
[2025-01-15 04:31:59] xcloner_restore.INFO: Processing ajax request ID _vsyflwivn [] []
[2025-01-15 04:32:00] xcloner_restore.INFO: Processing ajax request ID _jr9toq8tn [] []
[2025-01-15 04:32:01] xcloner_restore.INFO: Processing ajax request ID _1us1b6m88 [] []
[2025-01-15 04:32:02] xcloner_restore.INFO: Processing ajax request ID _6d1ktjhgc [] []
[2025-01-15 04:32:03] xcloner_restore.INFO: Processing ajax request ID _hn13a185b [] []
[2025-01-15 04:32:04] xcloner_restore.INFO: Processing ajax request ID _3epibczyq [] []
[2025-01-15 04:32:05] xcloner_restore.INFO: Processing ajax request ID _z17vzcmc2 [] []
[2025-01-15 04:32:06] xcloner_restore.INFO: Processing ajax request ID _jzjx7tl09 [] []
[2025-01-15 04:32:07] xcloner_restore.INFO: Processing ajax request ID _tar8bzz6y [] []
[2025-01-15 04:32:08] xcloner_restore.INFO: Processing ajax request ID _5sk4q9xf8 [] []
[2025-01-15 04:32:09] xcloner_restore.INFO: Processing ajax request ID _utgc3y5u8 [] []
[2025-01-15 04:32:10] xcloner_restore.INFO: Processing ajax request ID _3lcpcot2a [] []
[2025-01-15 04:32:11] xcloner_restore.INFO: Processing ajax request ID _t2lnpsojr [] []
[2025-01-15 04:32:12] xcloner_restore.INFO: Processing ajax request ID _odzsnz4ye [] []
[2025-01-15 04:32:13] xcloner_restore.INFO: Processing ajax request ID _nuw2v994f [] []
[2025-01-15 04:32:14] xcloner_restore.INFO: Processing ajax request ID _lq3ikcn44 [] []
[2025-01-15 04:32:15] xcloner_restore.INFO: Processing ajax request ID _l7aanxpvs [] []
[2025-01-15 04:32:16] xcloner_restore.INFO: Processing ajax request ID _m7rfkaxu5 [] []
[2025-01-15 04:32:17] xcloner_restore.INFO: Processing ajax request ID _q2p11dlyk [] []
[2025-01-15 04:32:18] xcloner_restore.INFO: Processing ajax request ID _advadhdpr [] []
[2025-01-15 04:32:19] xcloner_restore.INFO: Processing ajax request ID _sa9ej8e8k [] []
[2025-01-15 04:32:20] xcloner_restore.INFO: Processing ajax request ID _0aey2c9bg [] []
[2025-01-15 04:32:21] xcloner_restore.INFO: Processing ajax request ID _1j09x0b74 [] []
[2025-01-15 04:32:21] xcloner_restore.INFO: Processing ajax request ID _iwus0zoyw [] []
[2025-01-15 04:32:22] xcloner_restore.INFO: Processing ajax request ID _8e95buksn [] []
[2025-01-15 04:32:23] xcloner_restore.INFO: Processing ajax request ID _4tya4vk2d [] []
[2025-01-15 04:32:24] xcloner_restore.INFO: Processing ajax request ID _esw38vazi [] []
[2025-01-15 04:32:25] xcloner_restore.INFO: Processing ajax request ID _has80lxn9 [] []
[2025-01-15 04:32:27] xcloner_restore.INFO: Processing ajax request ID _byo5wx21m [] []
[2025-01-15 04:32:28] xcloner_restore.INFO: Processing ajax request ID _m7n38s7p3 [] []
[2025-01-15 04:32:29] xcloner_restore.INFO: Processing ajax request ID _o51mn5jyd [] []
[2025-01-15 04:32:30] xcloner_restore.INFO: Processing ajax request ID _9kqdy3fnp [] []
[2025-01-15 04:32:31] xcloner_restore.INFO: Processing ajax request ID _31n9ncc27 [] []
[2025-01-15 04:32:32] xcloner_restore.INFO: Processing ajax request ID _9bb62kngs [] []
[2025-01-15 04:32:33] xcloner_restore.INFO: Processing ajax request ID _hruttyuno [] []
[2025-01-15 04:32:34] xcloner_restore.INFO: Processing ajax request ID _mmqch3ncx [] []
[2025-01-15 04:32:35] xcloner_restore.INFO: Processing ajax request ID _iwuosasyc [] []
[2025-01-15 04:32:36] xcloner_restore.INFO: Processing ajax request ID _7m6qou7rw [] []
[2025-01-15 04:32:37] xcloner_restore.INFO: Processing ajax request ID _elns9nnfi [] []
[2025-01-15 04:32:38] xcloner_restore.INFO: Processing ajax request ID _200o15miq [] []
[2025-01-15 04:32:39] xcloner_restore.INFO: Processing ajax request ID _fd2aw2m1f [] []
[2025-01-15 04:32:40] xcloner_restore.INFO: Processing ajax request ID _dlh1n9vzf [] []
[2025-01-15 04:32:41] xcloner_restore.INFO: Processing ajax request ID _vq2ajj7v7 [] []
[2025-01-15 04:32:42] xcloner_restore.INFO: Processing ajax request ID _4xdscsh8d [] []
[2025-01-15 04:32:43] xcloner_restore.INFO: Processing ajax request ID _uxyjhq3vi [] []
[2025-01-15 04:32:44] xcloner_restore.INFO: Processing ajax request ID _6bpybin9p [] []
[2025-01-15 04:32:45] xcloner_restore.INFO: Processing ajax request ID _lmijt6tve [] []
[2025-01-15 04:32:46] xcloner_restore.INFO: Processing ajax request ID _xdd8tjfqy [] []
[2025-01-15 04:32:47] xcloner_restore.INFO: Processing ajax request ID _ejum8mz2c [] []
[2025-01-15 04:32:48] xcloner_restore.INFO: Processing ajax request ID _fv0fr64w9 [] []
[2025-01-15 04:32:48] xcloner_restore.INFO: Processing ajax request ID _pnjdv56ee [] []
[2025-01-15 04:32:49] xcloner_restore.INFO: Processing ajax request ID _h83fc1ar4 [] []
[2025-01-15 04:32:50] xcloner_restore.INFO: Processing ajax request ID _bfowaqs90 [] []
[2025-01-15 04:32:51] xcloner_restore.INFO: Processing ajax request ID _okynj3z7r [] []
[2025-01-15 04:32:52] xcloner_restore.INFO: Processing ajax request ID _uz63wwayk [] []
[2025-01-15 04:32:53] xcloner_restore.INFO: Processing ajax request ID _377yds4mc [] []
[2025-01-15 04:32:54] xcloner_restore.INFO: Processing ajax request ID _fpvssjeu7 [] []
[2025-01-15 04:32:55] xcloner_restore.INFO: Processing ajax request ID _rbqjwyruy [] []
[2025-01-15 04:32:55] xcloner_restore.INFO: Processing ajax request ID _o2t2njn8i [] []
[2025-01-15 04:32:57] xcloner_restore.INFO: Processing ajax request ID _cl2tp8oze [] []
[2025-01-15 04:32:57] xcloner_restore.INFO: Processing ajax request ID _99cpl5j61 [] []
[2025-01-15 04:32:58] xcloner_restore.INFO: Processing ajax request ID _zu8fnujkr [] []
[2025-01-15 04:32:59] xcloner_restore.INFO: Processing ajax request ID _j78ikb11j [] []
[2025-01-15 04:33:01] xcloner_restore.INFO: Processing ajax request ID _wmkchq58e [] []
[2025-01-15 04:33:01] xcloner_restore.INFO: Processing ajax request ID _s1jijrs6q [] []
[2025-01-15 04:33:03] xcloner_restore.INFO: Processing ajax request ID _ctcn9d90h [] []
[2025-01-15 04:33:04] xcloner_restore.INFO: Processing ajax request ID _2xr6p766c [] []
[2025-01-15 04:33:04] xcloner_restore.INFO: Processing ajax request ID _6jbvzv3kz [] []
[2025-01-15 04:33:05] xcloner_restore.INFO: Processing ajax request ID _ypx6rbjo7 [] []
[2025-01-15 04:33:06] xcloner_restore.INFO: Processing ajax request ID _tnecrkulm [] []
[2025-01-15 04:33:07] xcloner_restore.INFO: Processing ajax request ID _t17inlt24 [] []
[2025-01-15 04:33:08] xcloner_restore.INFO: Processing ajax request ID _eypxufg76 [] []
[2025-01-15 04:33:08] xcloner_restore.INFO: Processing ajax request ID _end1mtymw [] []
[2025-01-15 04:33:09] xcloner_restore.INFO: Processing ajax request ID _z1sfpr700 [] []
[2025-01-15 04:33:10] xcloner_restore.INFO: Processing ajax request ID _07zw7mmek [] []
[2025-01-15 04:33:11] xcloner_restore.INFO: Processing ajax request ID _2210zdpak [] []
[2025-01-15 04:33:12] xcloner_restore.INFO: Processing ajax request ID _vz8310g9w [] []
[2025-01-15 04:33:12] xcloner_restore.INFO: Processing ajax request ID _d63scex8w [] []
[2025-01-15 04:33:13] xcloner_restore.INFO: Processing ajax request ID _xblujv17l [] []
[2025-01-15 04:33:14] xcloner_restore.INFO: Processing ajax request ID _94nkn915l [] []
[2025-01-15 04:33:15] xcloner_restore.INFO: Processing ajax request ID _okbednmoz [] []
[2025-01-15 04:33:16] xcloner_restore.INFO: Processing ajax request ID _rmrp1cik8 [] []
[2025-01-15 04:33:17] xcloner_restore.INFO: Processing ajax request ID _xye0rddkk [] []
[2025-01-15 04:33:18] xcloner_restore.INFO: Processing ajax request ID _rbgtqyzj0 [] []
[2025-01-15 04:33:19] xcloner_restore.INFO: Processing ajax request ID _mf3cj9rjq [] []
[2025-01-15 04:33:19] xcloner_restore.INFO: Processing ajax request ID _zc8l4z462 [] []
[2025-01-15 04:33:20] xcloner_restore.INFO: Processing ajax request ID _jhyj1c81u [] []
[2025-01-15 04:33:21] xcloner_restore.INFO: Processing ajax request ID _b57vggops [] []
[2025-01-15 04:33:22] xcloner_restore.INFO: Processing ajax request ID _q76aqg0vn [] []
[2025-01-15 04:33:23] xcloner_restore.INFO: Processing ajax request ID _p8od49kmn [] []
[2025-01-15 04:33:24] xcloner_restore.INFO: Processing ajax request ID _rbgafy0lp [] []
[2025-01-15 04:33:36] xcloner_restore.INFO: Processing ajax request ID _lfpnoekba [] []
[2025-01-16 02:02:47] xcloner_restore.INFO: Processing ajax request ID _se0qvxuib [] []
[2025-01-16 02:02:48] xcloner_restore.DEBUG: Starting action list_backup_archives_action [] []
[2025-01-16 02:02:48] xcloner_restore.INFO: E_DEPRECATED: array (   'type' => 8192,   'message' => 'Optional parameter $replace declared before required parameter $table is implicitly treated as a required parameter',   'file' => '/home/walkforg/public_html/wp-content/plugins/search-and-replace/inc/Database/Exporter.php',   'line' => 295, ) [] []
[2025-01-16 02:02:48] xcloner_restore.INFO: Processing ajax request ID _sjp2bqibd [] []
[2025-01-16 02:02:48] xcloner_restore.DEBUG: Starting action get_current_directory_action [] []
[2025-01-16 02:02:48] xcloner_restore.INFO: Determining current url as /home/walkforg/public_html and path as https://walkforgod.org [] []
[2025-01-16 02:02:49] xcloner_restore.INFO: E_DEPRECATED: array (   'type' => 8192,   'message' => 'Optional parameter $replace declared before required parameter $table is implicitly treated as a required parameter',   'file' => '/home/walkforg/public_html/wp-content/plugins/search-and-replace/inc/Database/Exporter.php',   'line' => 295, ) [] []
[2025-09-22 04:21:16] xcloner_restore.INFO: Processing ajax request ID _7y2rd46o7 [] []
[2025-09-22 04:21:17] xcloner_restore.INFO: Processing ajax request ID _3m0kveem4 [] []
[2025-09-22 04:21:19] xcloner_restore.INFO: Processing ajax request ID _wqylfstrl [] []
[2025-09-22 04:21:20] xcloner_restore.INFO: Processing ajax request ID _rs9s60vae [] []
[2025-09-22 04:21:21] xcloner_restore.INFO: Processing ajax request ID _wujldef1h [] []
[2025-09-22 04:21:22] xcloner_restore.INFO: Processing ajax request ID _gssw8ybay [] []
[2025-09-22 04:21:23] xcloner_restore.INFO: Processing ajax request ID _nqz683232 [] []
[2025-09-22 04:21:24] xcloner_restore.INFO: Processing ajax request ID _92p4ugqg2 [] []
[2025-09-22 04:21:25] xcloner_restore.INFO: Processing ajax request ID _c96dr55af [] []
[2025-09-22 04:21:25] xcloner_restore.INFO: Processing ajax request ID _0cfd8rai4 [] []
[2025-09-22 04:21:26] xcloner_restore.INFO: Processing ajax request ID _aygqf06oi [] []
[2025-09-22 04:21:27] xcloner_restore.INFO: Processing ajax request ID _q8nkk79ys [] []
[2025-09-22 04:21:28] xcloner_restore.INFO: Processing ajax request ID _k02xht00f [] []
[2025-09-22 04:21:29] xcloner_restore.INFO: Processing ajax request ID _casgn9jv2 [] []
[2025-09-22 04:21:29] xcloner_restore.INFO: Processing ajax request ID _hy6mhbspe [] []
[2025-09-22 04:21:30] xcloner_restore.INFO: Processing ajax request ID _nx8jvxjed [] []
[2025-09-22 04:21:31] xcloner_restore.INFO: Processing ajax request ID _xe1d3nhgd [] []
[2025-09-22 04:21:32] xcloner_restore.INFO: Processing ajax request ID _4c52ezth6 [] []
[2025-09-22 04:21:32] xcloner_restore.INFO: Processing ajax request ID _26kwnsozi [] []
[2025-09-22 04:21:33] xcloner_restore.INFO: Processing ajax request ID _oft51zmrw [] []
[2025-09-22 04:21:34] xcloner_restore.INFO: Processing ajax request ID _f0d8a6xz3 [] []
[2025-09-22 04:21:35] xcloner_restore.INFO: Processing ajax request ID _3nd09fohv [] []
[2025-09-22 04:21:36] xcloner_restore.INFO: Processing ajax request ID _nkpvkrayn [] []
[2025-09-22 04:21:37] xcloner_restore.INFO: Processing ajax request ID _zt0k59zfo [] []
[2025-09-22 04:21:38] xcloner_restore.INFO: Processing ajax request ID _776ovig3s [] []
[2025-09-22 04:21:38] xcloner_restore.INFO: Processing ajax request ID _ui2iovfm4 [] []
[2025-09-22 04:21:39] xcloner_restore.INFO: Processing ajax request ID _y3mbm8zh6 [] []
[2025-09-22 04:21:40] xcloner_restore.INFO: Processing ajax request ID _7ti3detou [] []
[2025-09-22 04:21:41] xcloner_restore.INFO: Processing ajax request ID _ifd7pl8l1 [] []
[2025-09-22 04:21:42] xcloner_restore.INFO: Processing ajax request ID _abow0uwhp [] []
[2025-09-22 04:21:43] xcloner_restore.INFO: Processing ajax request ID _cploxj8ji [] []
[2025-09-22 04:21:43] xcloner_restore.INFO: Processing ajax request ID _jdxqj4zuv [] []
[2025-09-22 04:21:44] xcloner_restore.INFO: Processing ajax request ID _gh7wvhlg2 [] []
[2025-09-22 04:21:45] xcloner_restore.INFO: Processing ajax request ID _45qchumeq [] []
[2025-09-22 04:21:46] xcloner_restore.INFO: Processing ajax request ID _n2imtkv2y [] []
[2025-09-22 04:21:46] xcloner_restore.INFO: Processing ajax request ID _1ui1gilpq [] []
[2025-09-22 04:21:47] xcloner_restore.INFO: Processing ajax request ID _i0evqmcas [] []
[2025-09-22 04:21:48] xcloner_restore.INFO: Processing ajax request ID _qinav7zvx [] []
[2025-09-22 04:21:49] xcloner_restore.INFO: Processing ajax request ID _6mr305px1 [] []
[2025-09-22 04:21:50] xcloner_restore.INFO: Processing ajax request ID _94yazstu8 [] []
[2025-09-22 04:21:50] xcloner_restore.INFO: Processing ajax request ID _1gzfe8bx2 [] []
[2025-09-22 04:21:51] xcloner_restore.INFO: Processing ajax request ID _tjzbcjt3k [] []
[2025-09-22 04:21:52] xcloner_restore.INFO: Processing ajax request ID _82ark2jzd [] []
[2025-09-22 04:21:53] xcloner_restore.INFO: Processing ajax request ID _g3m6jquyl [] []
[2025-09-22 04:21:53] xcloner_restore.INFO: Processing ajax request ID _l1rhypxqb [] []
[2025-09-22 04:21:54] xcloner_restore.INFO: Processing ajax request ID _mlibnrmsi [] []
[2025-09-22 04:21:55] xcloner_restore.INFO: Processing ajax request ID _bprbujacn [] []
[2025-09-22 04:21:56] xcloner_restore.INFO: Processing ajax request ID _c5pg33ei7 [] []
[2025-09-22 04:21:56] xcloner_restore.INFO: Processing ajax request ID _2dx38g2b1 [] []
[2025-09-22 04:21:57] xcloner_restore.INFO: Processing ajax request ID _6sqmfjr64 [] []
[2025-09-22 04:21:58] xcloner_restore.INFO: Processing ajax request ID _7qcczc9fw [] []
[2025-09-22 04:21:59] xcloner_restore.INFO: Processing ajax request ID _l51rdtwcq [] []
[2025-09-22 04:22:00] xcloner_restore.INFO: Processing ajax request ID _zdbk2idep [] []
[2025-09-22 04:22:00] xcloner_restore.INFO: Processing ajax request ID _26tufnyzz [] []
[2025-09-22 04:22:01] xcloner_restore.INFO: Processing ajax request ID _y7jxxgzqb [] []
[2025-09-22 04:22:02] xcloner_restore.INFO: Processing ajax request ID _6s4p37o74 [] []
[2025-09-22 04:22:03] xcloner_restore.INFO: Processing ajax request ID _jz3qoagaw [] []
[2025-09-22 04:22:04] xcloner_restore.INFO: Processing ajax request ID _4b39f0ptg [] []
[2025-09-22 04:22:05] xcloner_restore.INFO: Processing ajax request ID _1jmcso595 [] []
[2025-09-22 04:22:06] xcloner_restore.INFO: Processing ajax request ID _z8ylgu954 [] []
[2025-09-22 04:22:07] xcloner_restore.INFO: Processing ajax request ID _848ofx8e2 [] []
[2025-09-22 04:22:08] xcloner_restore.INFO: Processing ajax request ID _eqxbws6tv [] []
[2025-09-22 04:22:09] xcloner_restore.INFO: Processing ajax request ID _ygkab0d1d [] []
[2025-09-22 04:22:10] xcloner_restore.INFO: Processing ajax request ID _dx7djwz55 [] []
[2025-09-22 04:22:12] xcloner_restore.INFO: Processing ajax request ID _vva4wvsa3 [] []
[2025-09-22 04:22:14] xcloner_restore.INFO: Processing ajax request ID _27s73x4df [] []
[2025-09-22 04:22:15] xcloner_restore.INFO: Processing ajax request ID _0whhpi0vo [] []
[2025-09-22 04:22:16] xcloner_restore.INFO: Processing ajax request ID _t49w8pu2u [] []
[2025-09-22 04:22:17] xcloner_restore.INFO: Processing ajax request ID _ad6fgxe6p [] []
[2025-09-22 04:22:18] xcloner_restore.INFO: Processing ajax request ID _nvj2e7bbz [] []
[2025-09-22 04:22:19] xcloner_restore.INFO: Processing ajax request ID _3czmp98s7 [] []
[2025-09-22 04:22:19] xcloner_restore.INFO: Processing ajax request ID _tkijjvvrn [] []
[2025-09-22 04:22:20] xcloner_restore.INFO: Processing ajax request ID _tsm1i2en3 [] []
[2025-09-22 04:22:21] xcloner_restore.INFO: Processing ajax request ID _qwo6soe1g [] []
[2025-09-22 04:22:22] xcloner_restore.INFO: Processing ajax request ID _sxovj8z4j [] []
[2025-09-22 04:22:22] xcloner_restore.INFO: Processing ajax request ID _fll81qmug [] []
[2025-09-22 04:22:23] xcloner_restore.INFO: Processing ajax request ID _b49eqbfx9 [] []
[2025-09-22 04:22:24] xcloner_restore.INFO: Processing ajax request ID _qjji1msp7 [] []
[2025-09-22 04:22:25] xcloner_restore.INFO: Processing ajax request ID _8howedzab [] []
[2025-09-22 04:22:25] xcloner_restore.INFO: Processing ajax request ID _f3dn27bcx [] []
[2025-09-22 04:22:26] xcloner_restore.INFO: Processing ajax request ID _txrqrwhjw [] []
[2025-09-22 04:22:27] xcloner_restore.INFO: Processing ajax request ID _gasnfppzz [] []
[2025-09-22 04:22:28] xcloner_restore.INFO: Processing ajax request ID _88ztbyd0n [] []
[2025-09-22 04:22:28] xcloner_restore.INFO: Processing ajax request ID _m9y23nr96 [] []
[2025-09-22 04:22:29] xcloner_restore.INFO: Processing ajax request ID _2farys27v [] []
[2025-09-22 04:22:30] xcloner_restore.INFO: Processing ajax request ID _tfi97cr3u [] []
[2025-09-22 04:22:30] xcloner_restore.INFO: Processing ajax request ID _jytqvxvgk [] []
[2025-09-22 04:22:32] xcloner_restore.INFO: Processing ajax request ID _qx5t7rddp [] []
[2025-09-22 04:22:32] xcloner_restore.INFO: Processing ajax request ID _3hnr0a3op [] []
[2025-09-22 04:22:33] xcloner_restore.INFO: Processing ajax request ID _za6pt2rnf [] []
[2025-09-22 04:22:34] xcloner_restore.INFO: Processing ajax request ID _7j65n1pr3 [] []
[2025-09-22 04:22:35] xcloner_restore.INFO: Processing ajax request ID _2r19jydui [] []
[2025-09-22 04:22:36] xcloner_restore.INFO: Processing ajax request ID _w40odbn8j [] []
[2025-09-22 04:22:37] xcloner_restore.INFO: Processing ajax request ID _0i6e02dxg [] []
[2025-09-22 04:22:38] xcloner_restore.INFO: Processing ajax request ID _04rup61e6 [] []
[2025-09-22 04:22:38] xcloner_restore.INFO: Processing ajax request ID _at333hnhb [] []
[2025-09-22 04:22:39] xcloner_restore.INFO: Processing ajax request ID _o6f9nosqc [] []
[2025-09-22 04:22:40] xcloner_restore.INFO: Processing ajax request ID _urnqb821v [] []
[2025-09-22 04:22:41] xcloner_restore.INFO: Processing ajax request ID _vn5knv1bi [] []
[2025-09-22 04:22:42] xcloner_restore.INFO: Processing ajax request ID _x5m7vd8ic [] []
[2025-09-22 04:22:43] xcloner_restore.INFO: Processing ajax request ID _itk15i9gv [] []
[2025-09-22 04:22:44] xcloner_restore.INFO: Processing ajax request ID _rrh583ctp [] []
[2025-09-22 04:22:44] xcloner_restore.INFO: Processing ajax request ID _13t0y44be [] []
[2025-09-22 04:22:45] xcloner_restore.INFO: Processing ajax request ID _dsd0xs1pi [] []
[2025-09-22 04:22:46] xcloner_restore.INFO: Processing ajax request ID _ruqn81dk1 [] []
[2025-09-22 04:22:46] xcloner_restore.INFO: Processing ajax request ID _k1evsxn3e [] []
[2025-09-22 04:22:47] xcloner_restore.INFO: Processing ajax request ID _i0ma96y71 [] []
[2025-09-22 04:22:48] xcloner_restore.INFO: Processing ajax request ID _7g8omhxop [] []
[2025-09-22 04:22:48] xcloner_restore.INFO: Processing ajax request ID _es0br613v [] []
[2025-09-22 04:22:49] xcloner_restore.INFO: Processing ajax request ID _szk171p9j [] []
[2025-09-22 04:22:50] xcloner_restore.INFO: Processing ajax request ID _bz8zp5kh9 [] []
[2025-09-22 04:22:50] xcloner_restore.INFO: Processing ajax request ID _n707zb6p7 [] []
[2025-09-22 04:22:51] xcloner_restore.INFO: Processing ajax request ID _w1l2s2734 [] []
[2025-09-22 04:22:51] xcloner_restore.INFO: Processing ajax request ID _ve1x52kpb [] []
[2025-09-22 04:22:52] xcloner_restore.INFO: Processing ajax request ID _kpgs593d3 [] []
[2025-09-22 04:22:53] xcloner_restore.INFO: Processing ajax request ID _54abioib5 [] []
[2025-09-22 04:22:53] xcloner_restore.INFO: Processing ajax request ID _0mvi6uetl [] []
[2025-09-22 04:22:54] xcloner_restore.INFO: Processing ajax request ID _953d8sdyp [] []
[2025-09-22 04:22:55] xcloner_restore.INFO: Processing ajax request ID _4vihfqb8w [] []
[2025-09-22 04:22:55] xcloner_restore.INFO: Processing ajax request ID _4ui8tjndo [] []
[2025-09-22 04:22:56] xcloner_restore.INFO: Processing ajax request ID _twq9vbll7 [] []
[2025-09-22 04:22:57] xcloner_restore.INFO: Processing ajax request ID _ifa43g7qo [] []
[2025-09-22 04:22:57] xcloner_restore.INFO: Processing ajax request ID _32goa6eoh [] []
[2025-09-22 04:22:58] xcloner_restore.INFO: Processing ajax request ID _9zctfunfk [] []
[2025-09-22 04:22:59] xcloner_restore.INFO: Processing ajax request ID _u3z4h71xu [] []
[2025-09-22 04:22:59] xcloner_restore.INFO: Processing ajax request ID _yk1t0oag0 [] []
[2025-09-22 04:23:00] xcloner_restore.INFO: Processing ajax request ID _vddqtjcms [] []
[2025-09-22 04:23:01] xcloner_restore.INFO: Processing ajax request ID _lztw1d0jm [] []
[2025-09-22 04:23:02] xcloner_restore.INFO: Processing ajax request ID _co7jqgjm6 [] []
[2025-09-22 04:23:03] xcloner_restore.INFO: Processing ajax request ID _n75ql0u7f [] []
[2025-09-22 04:23:04] xcloner_restore.INFO: Processing ajax request ID _00x977tpf [] []
[2025-09-22 04:23:04] xcloner_restore.INFO: Processing ajax request ID _snc8ihrwa [] []
[2025-09-22 04:23:05] xcloner_restore.INFO: Processing ajax request ID _24bpchret [] []
[2025-09-22 04:23:06] xcloner_restore.INFO: Processing ajax request ID _p6isuhhss [] []
[2025-09-22 04:23:06] xcloner_restore.INFO: Processing ajax request ID _6gnpdwhn9 [] []
[2025-09-22 04:23:07] xcloner_restore.INFO: Processing ajax request ID _81q3xlfxi [] []
[2025-09-22 04:23:08] xcloner_restore.INFO: Processing ajax request ID _f0qqj91co [] []
[2025-09-22 04:23:08] xcloner_restore.INFO: Processing ajax request ID _0pcaljl34 [] []
[2025-09-22 04:23:09] xcloner_restore.INFO: Processing ajax request ID _8ycze2ocw [] []
[2025-09-22 04:23:10] xcloner_restore.INFO: Processing ajax request ID _ah3egbefy [] []
[2025-09-22 04:23:10] xcloner_restore.INFO: Processing ajax request ID _59fp5mw8n [] []
[2025-09-22 04:23:11] xcloner_restore.INFO: Processing ajax request ID _71zfdvyid [] []
[2025-09-22 04:23:11] xcloner_restore.INFO: Processing ajax request ID _avuvqhxy6 [] []
[2025-09-22 04:23:12] xcloner_restore.INFO: Processing ajax request ID _y3pmr6c5b [] []
[2025-09-22 04:23:13] xcloner_restore.INFO: Processing ajax request ID _llv48grl0 [] []
[2025-09-22 04:23:13] xcloner_restore.INFO: Processing ajax request ID _c64o9ltz2 [] []
[2025-09-22 04:23:14] xcloner_restore.INFO: Processing ajax request ID _kjciy3zpy [] []
[2025-09-22 04:23:15] xcloner_restore.INFO: Processing ajax request ID _ceq3udblm [] []
[2025-09-22 04:23:15] xcloner_restore.INFO: Processing ajax request ID _fx1enjxa1 [] []
[2025-09-22 04:23:16] xcloner_restore.INFO: Processing ajax request ID _3j4oee0ty [] []
[2025-09-22 04:23:16] xcloner_restore.INFO: Processing ajax request ID _uud3lk2i4 [] []
[2025-09-22 04:23:17] xcloner_restore.INFO: Processing ajax request ID _fy6nbtkmd [] []
[2025-09-22 04:23:18] xcloner_restore.INFO: Processing ajax request ID _y6d6tps0c [] []
[2025-09-22 04:23:18] xcloner_restore.INFO: Processing ajax request ID _iv62zesil [] []
[2025-09-22 04:23:19] xcloner_restore.INFO: Processing ajax request ID _8kod1nmlc [] []
[2025-09-22 04:23:20] xcloner_restore.INFO: Processing ajax request ID _u9x2775df [] []
[2025-09-22 04:23:20] xcloner_restore.INFO: Processing ajax request ID _9nwv7p2hi [] []
[2025-09-22 04:23:21] xcloner_restore.INFO: Processing ajax request ID _jb0duh8og [] []
[2025-09-22 04:23:31] xcloner_restore.INFO: Processing ajax request ID _yev3q0gr5 [] []
[2025-09-22 04:23:35] xcloner_restore.INFO: Processing ajax request ID _lslzg504t [] []
[2025-09-22 04:23:38] xcloner_restore.INFO: Processing ajax request ID _kvineee0c [] []
[2025-09-22 04:23:40] xcloner_restore.INFO: Processing ajax request ID _g9gky7tzm [] []
[2025-09-22 04:23:42] xcloner_restore.INFO: Processing ajax request ID _0g81pw917 [] []
[2025-09-22 04:23:43] xcloner_restore.INFO: Processing ajax request ID _d795pdguh [] []
[2025-09-22 04:24:22] xcloner_restore.INFO: Processing ajax request ID _cz4zdxa5c [] []
[2025-09-22 04:24:28] xcloner_restore.INFO: Processing ajax request ID _opeyc4yvt [] []
[2025-09-22 04:24:32] xcloner_restore.INFO: Processing ajax request ID _n717osfh7 [] []
[2025-09-22 04:24:34] xcloner_restore.INFO: Processing ajax request ID _z6kmeeo1k [] []
[2025-09-22 04:24:44] xcloner_restore.INFO: Processing ajax request ID _sxhj90c5q [] []
[2025-09-22 04:24:45] xcloner_restore.INFO: Processing ajax request ID _clsme5gnv [] []
[2025-09-22 04:24:48] xcloner_restore.INFO: Processing ajax request ID _08wqguhp6 [] []
[2025-09-22 04:24:50] xcloner_restore.INFO: Processing ajax request ID _t85ci5djq [] []
[2025-09-22 04:24:54] xcloner_restore.INFO: Processing ajax request ID _tru54x8w3 [] []
[2025-09-22 04:24:55] xcloner_restore.INFO: Processing ajax request ID _i8kiw51gf [] []
[2025-09-22 04:24:56] xcloner_restore.INFO: Processing ajax request ID _53s50plwh [] []
[2025-09-22 04:24:57] xcloner_restore.INFO: Processing ajax request ID _71gjevb46 [] []
[2025-09-22 04:25:01] xcloner_restore.INFO: Processing ajax request ID _41jvtvp1i [] []
[2025-09-22 04:25:03] xcloner_restore.INFO: Processing ajax request ID _cnjbm9l8o [] []
[2025-09-22 04:25:05] xcloner_restore.INFO: Processing ajax request ID _ky4qe36ls [] []
[2025-09-22 04:25:07] xcloner_restore.INFO: Processing ajax request ID _qgq62p2ci [] []
[2025-09-22 04:25:08] xcloner_restore.INFO: Processing ajax request ID _j1stdqb8f [] []
[2025-09-22 04:25:10] xcloner_restore.INFO: Processing ajax request ID _eb3ug27fw [] []
[2025-09-22 04:25:12] xcloner_restore.INFO: Processing ajax request ID _ufrqke729 [] []
[2025-09-22 04:25:17] xcloner_restore.INFO: Processing ajax request ID _gmaqgz391 [] []
[2025-09-22 04:25:20] xcloner_restore.INFO: Processing ajax request ID _q8h13l8ls [] []
[2025-09-22 04:25:21] xcloner_restore.INFO: Processing ajax request ID _fav0i3ent [] []
[2025-09-22 04:25:22] xcloner_restore.INFO: Processing ajax request ID _p8zzx4lb6 [] []
[2025-09-22 04:25:24] xcloner_restore.INFO: Processing ajax request ID _xce9iuauq [] []
[2025-09-22 04:25:25] xcloner_restore.INFO: Processing ajax request ID _bn42ic3ev [] []
[2025-09-22 04:25:27] xcloner_restore.INFO: Processing ajax request ID _tpqq1f160 [] []
[2025-09-22 04:25:31] xcloner_restore.INFO: Processing ajax request ID _pmhjrtl7q [] []
[2025-09-22 04:25:32] xcloner_restore.INFO: Processing ajax request ID _w14tqvwio [] []
[2025-09-22 04:25:34] xcloner_restore.INFO: Processing ajax request ID _veafoikdw [] []
[2025-09-22 04:25:37] xcloner_restore.INFO: Processing ajax request ID _bxcerzgzj [] []
[2025-09-22 04:25:39] xcloner_restore.INFO: Processing ajax request ID _duyxu6kng [] []
[2025-09-22 04:25:41] xcloner_restore.INFO: Processing ajax request ID _szawuxn8s [] []
[2025-09-22 04:25:42] xcloner_restore.INFO: Processing ajax request ID _q1jd0zrus [] []
[2025-09-22 04:25:44] xcloner_restore.INFO: Processing ajax request ID _f16agqv92 [] []
[2025-09-22 04:25:45] xcloner_restore.INFO: Processing ajax request ID _bobtx57df [] []
[2025-09-22 04:25:47] xcloner_restore.INFO: Processing ajax request ID _0iapczqni [] []
[2025-09-22 04:25:48] xcloner_restore.INFO: Processing ajax request ID _g7nkr5smi [] []
[2025-09-22 04:25:49] xcloner_restore.INFO: Processing ajax request ID _aqk44sbcg [] []
[2025-09-22 04:25:50] xcloner_restore.INFO: Processing ajax request ID _ywp6gc96p [] []
[2025-09-22 04:25:51] xcloner_restore.INFO: Processing ajax request ID _fd92ryzk1 [] []
[2025-09-22 04:25:53] xcloner_restore.INFO: Processing ajax request ID _t6alntzan [] []
[2025-09-22 04:25:54] xcloner_restore.INFO: Processing ajax request ID _9jgfz7xf7 [] []
[2025-09-22 04:25:56] xcloner_restore.INFO: Processing ajax request ID _8cxug3p89 [] []
[2025-09-22 04:25:57] xcloner_restore.INFO: Processing ajax request ID _438ciz2wq [] []
[2025-09-22 04:25:58] xcloner_restore.INFO: Processing ajax request ID _f5celf2ug [] []
[2025-09-22 04:26:00] xcloner_restore.INFO: Processing ajax request ID _dlumqldvk [] []
[2025-09-22 04:26:01] xcloner_restore.INFO: Processing ajax request ID _mk99muqe6 [] []
[2025-09-22 04:26:03] xcloner_restore.INFO: Processing ajax request ID _dnm11t0w4 [] []
[2025-09-22 04:26:04] xcloner_restore.INFO: Processing ajax request ID _gbroui126 [] []
[2025-09-22 04:26:05] xcloner_restore.INFO: Processing ajax request ID _5vt4gaejp [] []
[2025-09-22 04:26:07] xcloner_restore.INFO: Processing ajax request ID _l3o2r5soi [] []
[2025-09-22 04:26:08] xcloner_restore.INFO: Processing ajax request ID _uh2sgptaw [] []
[2025-09-22 04:26:09] xcloner_restore.INFO: Processing ajax request ID _zi9udqtv1 [] []
[2025-09-22 04:26:11] xcloner_restore.INFO: Processing ajax request ID _nrjtma4by [] []
[2025-09-22 04:26:11] xcloner_restore.INFO: Processing ajax request ID _gkk1ub93s [] []
[2025-09-22 04:26:13] xcloner_restore.INFO: Processing ajax request ID _2ntf4m8gm [] []
[2025-09-22 04:26:14] xcloner_restore.INFO: Processing ajax request ID _nnskjown5 [] []
[2025-09-22 04:26:15] xcloner_restore.INFO: Processing ajax request ID _in0csgd9u [] []
[2025-09-22 04:26:17] xcloner_restore.INFO: Processing ajax request ID _2o0povr2a [] []
[2025-09-22 04:26:18] xcloner_restore.INFO: Processing ajax request ID _l4o8vg92y [] []
[2025-09-22 04:26:20] xcloner_restore.INFO: Processing ajax request ID _ewv009vhr [] []
[2025-09-22 04:26:21] xcloner_restore.INFO: Processing ajax request ID _xg8y4yc6w [] []
[2025-09-22 04:26:22] xcloner_restore.INFO: Processing ajax request ID _nps2pwmyv [] []
[2025-09-22 04:26:24] xcloner_restore.INFO: Processing ajax request ID _eihdx6r5n [] []
[2025-09-22 04:26:25] xcloner_restore.INFO: Processing ajax request ID _mtj2xwp8o [] []
[2025-09-22 04:26:26] xcloner_restore.INFO: Processing ajax request ID _90cnvqpft [] []
[2025-09-22 04:26:28] xcloner_restore.INFO: Processing ajax request ID _wfp7dqqwr [] []
[2025-09-22 04:26:29] xcloner_restore.INFO: Processing ajax request ID _6cyaejkmk [] []
[2025-09-22 04:26:30] xcloner_restore.INFO: Processing ajax request ID _mzj6y69no [] []
[2025-09-22 04:26:31] xcloner_restore.INFO: Processing ajax request ID _yt3bcitlx [] []
[2025-09-22 04:26:33] xcloner_restore.INFO: Processing ajax request ID _rwamk1pns [] []
[2025-09-22 04:26:34] xcloner_restore.INFO: Processing ajax request ID _premi93fw [] []
[2025-09-22 04:26:37] xcloner_restore.INFO: Processing ajax request ID _5m349noth [] []
[2025-09-22 04:26:41] xcloner_restore.INFO: Processing ajax request ID _etrk4y5r5 [] []
[2025-09-22 04:26:42] xcloner_restore.INFO: Processing ajax request ID _w1f2doe3q [] []
[2025-09-22 04:26:43] xcloner_restore.INFO: Processing ajax request ID _r2gs0otae [] []
[2025-09-22 04:26:47] xcloner_restore.INFO: Processing ajax request ID _9g5a3rxai [] []
[2025-09-22 04:26:49] xcloner_restore.INFO: Processing ajax request ID _mbhulv19h [] []
[2025-09-22 04:27:08] xcloner_restore.INFO: Processing ajax request ID _4nbtni9x2 [] []
[2025-09-22 04:27:10] xcloner_restore.INFO: Processing ajax request ID _yny2qjifs [] []
[2025-09-22 04:27:11] xcloner_restore.INFO: Processing ajax request ID _7ds1w6utd [] []
[2025-09-22 04:27:13] xcloner_restore.INFO: Processing ajax request ID _aqh8qomj7 [] []
[2025-09-22 04:27:14] xcloner_restore.INFO: Processing ajax request ID _y483l9ofv [] []
[2025-09-22 04:27:16] xcloner_restore.INFO: Processing ajax request ID _di3f2vh83 [] []
[2025-09-22 04:27:22] xcloner_restore.INFO: Processing ajax request ID _tab47faeq [] []
[2025-09-22 04:27:26] xcloner_restore.INFO: Processing ajax request ID _fwbt5lqnz [] []
[2025-09-22 04:27:27] xcloner_restore.INFO: Processing ajax request ID _zl49pw8g9 [] []
[2025-09-22 04:27:29] xcloner_restore.INFO: Processing ajax request ID _8xr77yy6r [] []
